<?xml version="1.0" encoding="UTF-8"?>
<!-- Generated by org.testng.reporters.JUnitReportReporter -->
<testsuite skipped="0" hostname="DIN13003412" name="com.test.automation.UIautomation.Homepage.VerifyToolTiponNavMenuOptions" tests="1" failures="0" timestamp="06 Sep 2017 10:52:19 GMT" time="4.729" errors="0">
  <testcase name="verifyTooltiponNavMenus" time="4.729" classname="com.test.automation.UIautomation.Homepage.VerifyToolTiponNavMenuOptions"/>
</testsuite> <!-- com.test.automation.UIautomation.Homepage.VerifyToolTiponNavMenuOptions -->
