<?xml version="1.0" encoding="UTF-8"?>
<!-- Generated by org.testng.reporters.JUnitReportReporter -->
<testsuite skipped="0" hostname="DIN13003412" name="com.test.automation.UIautomation.productPageTests.VerifyAddtoCartOnProductPage" tests="1" failures="0" timestamp="07 Sep 2017 14:00:40 GMT" time="9.960" errors="0">
  <testcase name="verifyAddtoCart" time="9.960" classname="com.test.automation.UIautomation.productPageTests.VerifyAddtoCartOnProductPage"/>
</testsuite> <!-- com.test.automation.UIautomation.productPageTests.VerifyAddtoCartOnProductPage -->
