<?xml version="1.0" encoding="UTF-8"?>
<!-- Generated by org.testng.reporters.JUnitReportReporter -->
<testsuite skipped="0" hostname="DIN13003412" name="com.test.automation.UIautomation.CategoryPage.InformationMenu" tests="1" failures="0" timestamp="05 Sep 2017 12:47:00 GMT" time="19.302" errors="0">
  <testcase name="informationMenuOnCategoryPage" time="19.302" classname="com.test.automation.UIautomation.CategoryPage.InformationMenu"/>
</testsuite> <!-- com.test.automation.UIautomation.CategoryPage.InformationMenu -->
