<?xml version="1.0" encoding="UTF-8"?>
<!-- Generated by org.testng.reporters.JUnitReportReporter -->
<testsuite skipped="0" hostname="DIN13003412" name="com.test.automation.UIautomation.Homepage.VerifyloginWithExistingUser" tests="2" failures="0" timestamp="02 Sep 2017 10:29:55 GMT" time="12.458" errors="0">
  <testcase name="loginWithExistingUser" time="6.139" classname="com.test.automation.UIautomation.Homepage.VerifyloginWithExistingUser"/>
  <testcase name="loginWithExistingUser" time="6.319" classname="com.test.automation.UIautomation.Homepage.VerifyloginWithExistingUser"/>
</testsuite> <!-- com.test.automation.UIautomation.Homepage.VerifyloginWithExistingUser -->
