<?xml version="1.0" encoding="UTF-8"?>
<!-- Generated by org.testng.reporters.JUnitReportReporter -->
<testsuite skipped="0" hostname="DIN13003412" name="com.test.automation.UIautomation.Homepage.VerifyLoginwithInvalidCredentials" tests="1" failures="0" timestamp="28 Aug 2017 12:33:57 GMT" time="4.092" errors="0">
  <testcase name="LoginwithInvalidCredentials" time="4.092" classname="com.test.automation.UIautomation.Homepage.VerifyLoginwithInvalidCredentials"/>
</testsuite> <!-- com.test.automation.UIautomation.Homepage.VerifyLoginwithInvalidCredentials -->
