<?xml version="1.0" encoding="UTF-8"?>
<!-- Generated by org.testng.reporters.JUnitReportReporter -->
<testsuite skipped="0" hostname="DIN13003412" name="com.test.automation.UIautomation.Homepage.VerifyloginWithExistingUser" tests="2" failures="0" timestamp="01 Sep 2017 15:51:43 GMT" time="28.268" errors="0">
  <testcase name="loginWithExistingUser" time="22.294" classname="com.test.automation.UIautomation.Homepage.VerifyloginWithExistingUser"/>
  <testcase name="loginWithExistingUser" time="5.974" classname="com.test.automation.UIautomation.Homepage.VerifyloginWithExistingUser"/>
</testsuite> <!-- com.test.automation.UIautomation.Homepage.VerifyloginWithExistingUser -->
