<?xml version="1.0" encoding="UTF-8"?>
<!-- Generated by org.testng.reporters.JUnitReportReporter -->
<testsuite skipped="0" hostname="DIN13003412" name="com.test.automation.UIautomation.excelActions.DisplayexcelData" tests="1" failures="0" timestamp="31 Aug 2017 15:04:00 GMT" time="0.599" errors="0">
  <testcase name="DisplayexcelData" time="0.599" classname="com.test.automation.UIautomation.excelActions.DisplayexcelData"/>
</testsuite> <!-- com.test.automation.UIautomation.excelActions.DisplayexcelData -->
