<?xml version="1.0" encoding="UTF-8"?>
<!-- Generated by org.testng.reporters.JUnitReportReporter -->
<testsuite skipped="0" hostname="DIN13003412" name="com.test.automation.UIautomation.Homepage.VerifySignUpFunctionality" tests="1" failures="0" timestamp="28 Aug 2017 15:16:07 GMT" time="9.073" errors="0">
  <testcase name="signUp" time="9.073" classname="com.test.automation.UIautomation.Homepage.VerifySignUpFunctionality"/>
</testsuite> <!-- com.test.automation.UIautomation.Homepage.VerifySignUpFunctionality -->
